-1.7
-source
1.7
-target
1.7
-classpath
C:\Users\swidom\.m2\repository\javassist\javassist\3.12.1.GA\javassist-3.12.1.GA.jar;C:\Users\swidom\.m2\repository\org\aspectj\aspectjrt\1.8.5\aspectjrt-1.8.5.jar;C:\Users\swidom\.m2\repository\org\slf4j\slf4j-api\1.7.7\slf4j-api-1.7.7.jar;C:\Users\swidom\.m2\repository\ch\qos\logback\logback-classic\1.1.2\logback-classic-1.1.2.jar;C:\Users\swidom\.m2\repository\net\logstash\logback\logstash-logback-encoder\3.6\logstash-logback-encoder-3.6.jar;C:\Users\swidom\.m2\repository\javax\xml\bind\jaxb-api\2.1\jaxb-api-2.1.jar;C:\Users\swidom\.m2\repository\javax\xml\stream\stax-api\1.0-2\stax-api-1.0-2.jar;C:\Users\swidom\.m2\repository\javax\activation\activation\1.1\activation-1.1.jar;C:\Users\swidom\.m2\repository\ch\qos\logback\logback-core\1.1.2\logback-core-1.1.2.jar;C:\Users\swidom\.m2\repository\com\fasterxml\jackson\core\jackson-databind\2.4.0\jackson-databind-2.4.0.jar;C:\Users\swidom\.m2\repository\com\fasterxml\jackson\core\jackson-annotations\2.4.0\jackson-annotations-2.4.0.jar;C:\Users\swidom\.m2\repository\com\fasterxml\jackson\core\jackson-core\2.4.0\jackson-core-2.4.0.jar;C:\workspace\rp-core\rp-aspects\target\classes
-d
C:\workspace\rp-core\rp-aspects\target\classes
C:\workspace\rp-core\rp-aspects\src\main\java\com\realpage\monitor\instrumentation\agent\Agent.java
C:\workspace\rp-core\rp-aspects\src\main\java\com\realpage\monitor\instrumentation\agent\ByteClassFileTransformer.java
C:\workspace\rp-core\rp-aspects\src\main\java\com\realpage\monitor\instrumentation\annotations\MethodLogger.java
C:\workspace\rp-core\rp-aspects\src\main\java\com\realpage\monitor\instrumentation\config\EligibleClass.java
C:\workspace\rp-core\rp-aspects\src\main\java\com\realpage\monitor\instrumentation\config\EligibleMethod.java
C:\workspace\rp-core\rp-aspects\src\main\java\com\realpage\monitor\instrumentation\config\Eligibles.java
C:\workspace\rp-core\rp-aspects\src\main\java\com\realpage\monitor\instrumentation\config\MethodCategory.java
C:\workspace\rp-core\rp-aspects\src\main\java\com\realpage\monitor\instrumentation\config\MonitorCategory.java
C:\workspace\rp-core\rp-aspects\src\main\java\com\realpage\monitor\instrumentation\config\MonitorDirective.java
C:\workspace\rp-core\rp-aspects\src\main\java\com\realpage\monitor\instrumentation\config\MonitoringInstrumentation.java
C:\workspace\rp-core\rp-aspects\src\main\java\com\realpage\monitor\instrumentation\util\Util.java
C:\workspace\rp-core\rp-aspects\src\main\aspect\com\realpage\monitor\instrumentation\aspects\MethodAnnotationAspect.aj
